----------------------------------------------------------------
----------------------------------------------------------------
Tue Oct 07 15:46:40 CEST 2014:
Booting Derby version The Apache Software Foundation - Apache Derby - 10.8.2.2 - (1181258): instance 601a400f-0148-eadc-a0e5-ffffa94ec81a 
on database directory /home/julien/OFBizRoot/ofbiz.13.07-patch/runtime/data/derby/ofbiz  with class loader org.ofbiz.base.start.Classpath$NativeLibClassLoader@52234265 
Loaded from file:/home/julien/OFBizRoot/ofbiz.13.07-patch/framework/entity/lib/jdbc/derby-10.8.2.2.jar
java.vendor=Sun Microsystems Inc.
java.runtime.version=1.6.0_43-b01
user.dir=/home/julien/OFBizRoot/ofbiz.13.07-patch
derby.system.home=runtime/data/derby
Tue Oct 07 15:46:40 CEST 2014:
Booting Derby version The Apache Software Foundation - Apache Derby - 10.8.2.2 - (1181258): instance f81e0010-0148-eadc-a0e5-ffffa94ec81a 
on database directory /home/julien/OFBizRoot/ofbiz.13.07-patch/runtime/data/derby/ofbiztenant  with class loader org.ofbiz.base.start.Classpath$NativeLibClassLoader@52234265 
Loaded from file:/home/julien/OFBizRoot/ofbiz.13.07-patch/framework/entity/lib/jdbc/derby-10.8.2.2.jar
java.vendor=Sun Microsystems Inc.
java.runtime.version=1.6.0_43-b01
user.dir=/home/julien/OFBizRoot/ofbiz.13.07-patch
derby.system.home=runtime/data/derby
----------------------------------------------------------------
Tue Oct 07 15:46:40 CEST 2014:
Booting Derby version The Apache Software Foundation - Apache Derby - 10.8.2.2 - (1181258): instance a816c00e-0148-eadc-a0e5-ffffa94ec81a 
on database directory /home/julien/OFBizRoot/ofbiz.13.07-patch/runtime/data/derby/ofbizolap  with class loader org.ofbiz.base.start.Classpath$NativeLibClassLoader@52234265 
Loaded from file:/home/julien/OFBizRoot/ofbiz.13.07-patch/framework/entity/lib/jdbc/derby-10.8.2.2.jar
java.vendor=Sun Microsystems Inc.
java.runtime.version=1.6.0_43-b01
user.dir=/home/julien/OFBizRoot/ofbiz.13.07-patch
derby.system.home=runtime/data/derby
Database Class Loader started - derby.database.classpath=''
Database Class Loader started - derby.database.classpath=''
Database Class Loader started - derby.database.classpath=''
